  main.cpp
D:\code\c++\dsa\on_thi_cuoi_ki\linklist\linklist_sieuthi\linklist_sieuthi\main.cpp(90,4): error C2679: binary '<<': no operator found which takes a right-hand operand of type 'SieuThi' (or there is no acceptable conversion)
C:\Program Files\Microsoft Visual Studio\2022\Community\VC\Tools\MSVC\14.36.32532\include\ostream(475,39): message : could be 'std::basic_ostream<char,std::char_traits<char>> &std::basic_ostream<char,std::char_traits<char>>::operator <<(std::basic_streambuf<char,std::char_traits<char>> *)'
C:\Program Files\Microsoft Visual Studio\2022\Community\VC\Tools\MSVC\14.36.32532\include\ostream(443,39): message : or       'std::basic_ostream<char,std::char_traits<char>> &std::basic_ostream<char,std::char_traits<char>>::operator <<(const void *)'
C:\Program Files\Microsoft Visual Studio\2022\Community\VC\Tools\MSVC\14.36.32532\include\ostream(425,39): message : or       'std::basic_ostream<char,std::char_traits<char>> &std::basic_ostream<char,std::char_traits<char>>::operator <<(long double)'
C:\Program Files\Microsoft Visual Studio\2022\Community\VC\Tools\MSVC\14.36.32532\include\ostream(407,39): message : or       'std::basic_ostream<char,std::char_traits<char>> &std::basic_ostream<char,std::char_traits<char>>::operator <<(double)'
C:\Program Files\Microsoft Visual Studio\2022\Community\VC\Tools\MSVC\14.36.32532\include\ostream(389,39): message : or       'std::basic_ostream<char,std::char_traits<char>> &std::basic_ostream<char,std::char_traits<char>>::operator <<(float)'
C:\Program Files\Microsoft Visual Studio\2022\Community\VC\Tools\MSVC\14.36.32532\include\ostream(371,39): message : or       'std::basic_ostream<char,std::char_traits<char>> &std::basic_ostream<char,std::char_traits<char>>::operator <<(unsigned __int64)'
C:\Program Files\Microsoft Visual Studio\2022\Community\VC\Tools\MSVC\14.36.32532\include\ostream(353,39): message : or       'std::basic_ostream<char,std::char_traits<char>> &std::basic_ostream<char,std::char_traits<char>>::operator <<(__int64)'
C:\Program Files\Microsoft Visual Studio\2022\Community\VC\Tools\MSVC\14.36.32532\include\ostream(335,39): message : or       'std::basic_ostream<char,std::char_traits<char>> &std::basic_ostream<char,std::char_traits<char>>::operator <<(unsigned long)'
C:\Program Files\Microsoft Visual Studio\2022\Community\VC\Tools\MSVC\14.36.32532\include\ostream(317,39): message : or       'std::basic_ostream<char,std::char_traits<char>> &std::basic_ostream<char,std::char_traits<char>>::operator <<(long)'
C:\Program Files\Microsoft Visual Studio\2022\Community\VC\Tools\MSVC\14.36.32532\include\ostream(298,39): message : or       'std::basic_ostream<char,std::char_traits<char>> &std::basic_ostream<char,std::char_traits<char>>::operator <<(unsigned int)'
C:\Program Files\Microsoft Visual Studio\2022\Community\VC\Tools\MSVC\14.36.32532\include\ostream(272,39): message : or       'std::basic_ostream<char,std::char_traits<char>> &std::basic_ostream<char,std::char_traits<char>>::operator <<(int)'
C:\Program Files\Microsoft Visual Studio\2022\Community\VC\Tools\MSVC\14.36.32532\include\ostream(253,39): message : or       'std::basic_ostream<char,std::char_traits<char>> &std::basic_ostream<char,std::char_traits<char>>::operator <<(unsigned short)'
C:\Program Files\Microsoft Visual Studio\2022\Community\VC\Tools\MSVC\14.36.32532\include\ostream(219,39): message : or       'std::basic_ostream<char,std::char_traits<char>> &std::basic_ostream<char,std::char_traits<char>>::operator <<(short)'
C:\Program Files\Microsoft Visual Studio\2022\Community\VC\Tools\MSVC\14.36.32532\include\ostream(201,39): message : or       'std::basic_ostream<char,std::char_traits<char>> &std::basic_ostream<char,std::char_traits<char>>::operator <<(bool)'
C:\Program Files\Microsoft Visual Studio\2022\Community\VC\Tools\MSVC\14.36.32532\include\ostream(195,39): message : or       'std::basic_ostream<char,std::char_traits<char>> &std::basic_ostream<char,std::char_traits<char>>::operator <<(std::ios_base &(__cdecl *)(std::ios_base &))'
C:\Program Files\Microsoft Visual Studio\2022\Community\VC\Tools\MSVC\14.36.32532\include\ostream(189,39): message : or       'std::basic_ostream<char,std::char_traits<char>> &std::basic_ostream<char,std::char_traits<char>>::operator <<(std::basic_ios<char,std::char_traits<char>> &(__cdecl *)(std::basic_ios<char,std::char_traits<char>> &))'
C:\Program Files\Microsoft Visual Studio\2022\Community\VC\Tools\MSVC\14.36.32532\include\ostream(184,39): message : or       'std::basic_ostream<char,std::char_traits<char>> &std::basic_ostream<char,std::char_traits<char>>::operator <<(std::basic_ostream<char,std::char_traits<char>> &(__cdecl *)(std::basic_ostream<char,std::char_traits<char>> &))'
C:\Program Files\Microsoft Visual Studio\2022\Community\VC\Tools\MSVC\14.36.32532\include\ostream(1075,32): message : or       'std::basic_ostream<_Elem,_Traits> &std::operator <<(std::basic_ostream<_Elem,_Traits> &,const std::error_code &)'
D:\code\c++\dsa\on_thi_cuoi_ki\linklist\linklist_sieuthi\linklist_sieuthi\main.cpp(90,13): message : 'initializing': cannot convert from 'SieuThi' to 'const std::error_code &'
D:\code\c++\dsa\on_thi_cuoi_ki\linklist\linklist_sieuthi\linklist_sieuthi\main.cpp(90,13): message : Reason: cannot convert from 'SieuThi' to 'const std::error_code'
D:\code\c++\dsa\on_thi_cuoi_ki\linklist\linklist_sieuthi\linklist_sieuthi\main.cpp(90,13): message : No user-defined-conversion operator available that can perform this conversion, or the operator cannot be called
C:\Program Files\Microsoft Visual Studio\2022\Community\VC\Tools\MSVC\14.36.32532\include\ostream(998,9): message : or       '_Ostr &&std::operator <<(_Ostr &&,const _Ty &)'
D:\code\c++\dsa\on_thi_cuoi_ki\linklist\linklist_sieuthi\linklist_sieuthi\main.cpp(90): message : '_Ostr &&std::operator <<(_Ostr &&,const _Ty &)': could not deduce template argument for '__formal'
C:\Program Files\Microsoft Visual Studio\2022\Community\VC\Tools\MSVC\14.36.32532\include\ostream(940,31): message : or       'std::basic_ostream<char,_Traits> &std::operator <<(std::basic_ostream<char,_Traits> &,unsigned char)'
D:\code\c++\dsa\on_thi_cuoi_ki\linklist\linklist_sieuthi\linklist_sieuthi\main.cpp(90,13): message : 'initializing': cannot convert from 'SieuThi' to 'unsigned char'
D:\code\c++\dsa\on_thi_cuoi_ki\linklist\linklist_sieuthi\linklist_sieuthi\main.cpp(90,13): message : No user-defined-conversion operator available that can perform this conversion, or the operator cannot be called
C:\Program Files\Microsoft Visual Studio\2022\Community\VC\Tools\MSVC\14.36.32532\include\ostream(934,31): message : or       'std::basic_ostream<char,_Traits> &std::operator <<(std::basic_ostream<char,_Traits> &,const unsigned char *)'
D:\code\c++\dsa\on_thi_cuoi_ki\linklist\linklist_sieuthi\linklist_sieuthi\main.cpp(90,13): message : 'initializing': cannot convert from 'SieuThi' to 'const unsigned char *'
D:\code\c++\dsa\on_thi_cuoi_ki\linklist\linklist_sieuthi\linklist_sieuthi\main.cpp(90,13): message : No user-defined-conversion operator available that can perform this conversion, or the operator cannot be called
C:\Program Files\Microsoft Visual Studio\2022\Community\VC\Tools\MSVC\14.36.32532\include\ostream(929,31): message : or       'std::basic_ostream<char,_Traits> &std::operator <<(std::basic_ostream<char,_Traits> &,signed char)'
D:\code\c++\dsa\on_thi_cuoi_ki\linklist\linklist_sieuthi\linklist_sieuthi\main.cpp(90,13): message : 'initializing': cannot convert from 'SieuThi' to 'signed char'
D:\code\c++\dsa\on_thi_cuoi_ki\linklist\linklist_sieuthi\linklist_sieuthi\main.cpp(90,13): message : No user-defined-conversion operator available that can perform this conversion, or the operator cannot be called
C:\Program Files\Microsoft Visual Studio\2022\Community\VC\Tools\MSVC\14.36.32532\include\ostream(923,31): message : or       'std::basic_ostream<char,_Traits> &std::operator <<(std::basic_ostream<char,_Traits> &,const signed char *)'
D:\code\c++\dsa\on_thi_cuoi_ki\linklist\linklist_sieuthi\linklist_sieuthi\main.cpp(90,13): message : 'initializing': cannot convert from 'SieuThi' to 'const signed char *'
D:\code\c++\dsa\on_thi_cuoi_ki\linklist\linklist_sieuthi\linklist_sieuthi\main.cpp(90,13): message : No user-defined-conversion operator available that can perform this conversion, or the operator cannot be called
C:\Program Files\Microsoft Visual Studio\2022\Community\VC\Tools\MSVC\14.36.32532\include\ostream(887,32): message : or       'std::basic_ostream<_Elem,_Traits> &std::operator <<(std::basic_ostream<_Elem,_Traits> &,_Elem)'
D:\code\c++\dsa\on_thi_cuoi_ki\linklist\linklist_sieuthi\linklist_sieuthi\main.cpp(90,4): message : 'std::basic_ostream<_Elem,_Traits> &std::operator <<(std::basic_ostream<_Elem,_Traits> &,_Elem)': template parameter '_Elem' is ambiguous
D:\code\c++\dsa\on_thi_cuoi_ki\linklist\linklist_sieuthi\linklist_sieuthi\main.cpp(90,4): message : could be 'SieuThi'
D:\code\c++\dsa\on_thi_cuoi_ki\linklist\linklist_sieuthi\linklist_sieuthi\main.cpp(90,4): message : or       'char'
D:\code\c++\dsa\on_thi_cuoi_ki\linklist\linklist_sieuthi\linklist_sieuthi\main.cpp(90,4): message : 'std::basic_ostream<_Elem,_Traits> &std::operator <<(std::basic_ostream<_Elem,_Traits> &,_Elem)': could not deduce template argument for '_Elem' from 'SieuThi'
C:\Program Files\Microsoft Visual Studio\2022\Community\VC\Tools\MSVC\14.36.32532\include\ostream(844,32): message : or       'std::basic_ostream<_Elem,_Traits> &std::operator <<(std::basic_ostream<_Elem,_Traits> &,const _Elem *)'
D:\code\c++\dsa\on_thi_cuoi_ki\linklist\linklist_sieuthi\linklist_sieuthi\main.cpp(90,4): message : 'std::basic_ostream<_Elem,_Traits> &std::operator <<(std::basic_ostream<_Elem,_Traits> &,const _Elem *)': could not deduce template argument for 'const _Elem *' from 'SieuThi'
C:\Program Files\Microsoft Visual Studio\2022\Community\VC\Tools\MSVC\14.36.32532\include\ostream(806,31): message : or       'std::basic_ostream<char,_Traits> &std::operator <<(std::basic_ostream<char,_Traits> &,char)'
D:\code\c++\dsa\on_thi_cuoi_ki\linklist\linklist_sieuthi\linklist_sieuthi\main.cpp(90,13): message : 'initializing': cannot convert from 'SieuThi' to 'char'
D:\code\c++\dsa\on_thi_cuoi_ki\linklist\linklist_sieuthi\linklist_sieuthi\main.cpp(90,13): message : No user-defined-conversion operator available that can perform this conversion, or the operator cannot be called
C:\Program Files\Microsoft Visual Studio\2022\Community\VC\Tools\MSVC\14.36.32532\include\ostream(761,31): message : or       'std::basic_ostream<char,_Traits> &std::operator <<(std::basic_ostream<char,_Traits> &,const char *)'
D:\code\c++\dsa\on_thi_cuoi_ki\linklist\linklist_sieuthi\linklist_sieuthi\main.cpp(90,13): message : 'initializing': cannot convert from 'SieuThi' to 'const char *'
D:\code\c++\dsa\on_thi_cuoi_ki\linklist\linklist_sieuthi\linklist_sieuthi\main.cpp(90,13): message : No user-defined-conversion operator available that can perform this conversion, or the operator cannot be called
C:\Program Files\Microsoft Visual Studio\2022\Community\VC\Tools\MSVC\14.36.32532\include\ostream(725,32): message : or       'std::basic_ostream<_Elem,_Traits> &std::operator <<(std::basic_ostream<_Elem,_Traits> &,char)'
D:\code\c++\dsa\on_thi_cuoi_ki\linklist\linklist_sieuthi\linklist_sieuthi\main.cpp(90,13): message : 'initializing': cannot convert from 'SieuThi' to 'char'
D:\code\c++\dsa\on_thi_cuoi_ki\linklist\linklist_sieuthi\linklist_sieuthi\main.cpp(90,13): message : No user-defined-conversion operator available that can perform this conversion, or the operator cannot be called
C:\Program Files\Microsoft Visual Studio\2022\Community\VC\Tools\MSVC\14.36.32532\include\ostream(681,32): message : or       'std::basic_ostream<_Elem,_Traits> &std::operator <<(std::basic_ostream<_Elem,_Traits> &,const char *)'
D:\code\c++\dsa\on_thi_cuoi_ki\linklist\linklist_sieuthi\linklist_sieuthi\main.cpp(90,13): message : 'initializing': cannot convert from 'SieuThi' to 'const char *'
D:\code\c++\dsa\on_thi_cuoi_ki\linklist\linklist_sieuthi\linklist_sieuthi\main.cpp(90,13): message : No user-defined-conversion operator available that can perform this conversion, or the operator cannot be called
C:\Program Files\Microsoft Visual Studio\2022\Community\VC\Tools\MSVC\14.36.32532\include\memory(3629,32): message : or       'std::basic_ostream<_Elem,_Traits> &std::operator <<(std::basic_ostream<_Elem,_Traits> &,const std::unique_ptr<_Ty2,_Dx2> &)'
D:\code\c++\dsa\on_thi_cuoi_ki\linklist\linklist_sieuthi\linklist_sieuthi\main.cpp(90,4): message : 'std::basic_ostream<_Elem,_Traits> &std::operator <<(std::basic_ostream<_Elem,_Traits> &,const std::unique_ptr<_Ty2,_Dx2> &)': could not deduce template argument for 'const std::unique_ptr<_Ty2,_Dx2> &' from 'SieuThi'
C:\Program Files\Microsoft Visual Studio\2022\Community\VC\Tools\MSVC\14.36.32532\include\memory(1976,32): message : or       'std::basic_ostream<_Elem,_Traits> &std::operator <<(std::basic_ostream<_Elem,_Traits> &,const std::shared_ptr<_Ty> &)'
D:\code\c++\dsa\on_thi_cuoi_ki\linklist\linklist_sieuthi\linklist_sieuthi\main.cpp(90,4): message : 'std::basic_ostream<_Elem,_Traits> &std::operator <<(std::basic_ostream<_Elem,_Traits> &,const std::shared_ptr<_Ty> &)': could not deduce template argument for 'const std::shared_ptr<_Ty> &' from 'SieuThi'
C:\Program Files\Microsoft Visual Studio\2022\Community\VC\Tools\MSVC\14.36.32532\include\xstring(5221,32): message : or       'std::basic_ostream<_Elem,_Traits> &std::operator <<(std::basic_ostream<_Elem,_Traits> &,const std::basic_string<_Elem,_Traits,_Alloc> &)'
D:\code\c++\dsa\on_thi_cuoi_ki\linklist\linklist_sieuthi\linklist_sieuthi\main.cpp(90,4): message : 'std::basic_ostream<_Elem,_Traits> &std::operator <<(std::basic_ostream<_Elem,_Traits> &,const std::basic_string<_Elem,_Traits,_Alloc> &)': could not deduce template argument for 'const std::basic_string<_Elem,_Traits,_Alloc> &' from 'SieuThi'
D:\code\c++\dsa\on_thi_cuoi_ki\linklist\linklist_sieuthi\linklist_sieuthi\main.cpp(90,4): message : while trying to match the argument list '(std::ostream, SieuThi)'
