  linklist_dinhnghia.cpp
D:\code\c++\dsa\on_thi_cuoi_ki\linklist_dinhnghia\linklist_dinhnghia\linklist_dinhnghia.cpp(109,17): warning C4566: character represented by universal-character-name '\u1EA5' cannot be represented in the current code page (1252)
D:\code\c++\dsa\on_thi_cuoi_ki\linklist_dinhnghia\linklist_dinhnghia\linklist_dinhnghia.cpp(109,17): warning C4566: character represented by universal-character-name '\u1ECB' cannot be represented in the current code page (1252)
D:\code\c++\dsa\on_thi_cuoi_ki\linklist_dinhnghia\linklist_dinhnghia\linklist_dinhnghia.cpp(206,13): warning C4566: character represented by universal-character-name '\u0111' cannot be represented in the current code page (1252)
D:\code\c++\dsa\on_thi_cuoi_ki\linklist_dinhnghia\linklist_dinhnghia\linklist_dinhnghia.cpp(206,13): warning C4566: character represented by universal-character-name '\u1EA7' cannot be represented in the current code page (1252)
D:\code\c++\dsa\on_thi_cuoi_ki\linklist_dinhnghia\linklist_dinhnghia\linklist_dinhnghia.cpp(207,13): warning C4566: character represented by universal-character-name '\u1ED1' cannot be represented in the current code page (1252)
D:\code\c++\dsa\on_thi_cuoi_ki\linklist_dinhnghia\linklist_dinhnghia\linklist_dinhnghia.cpp(209,13): warning C4566: character represented by universal-character-name '\u1ECB' cannot be represented in the current code page (1252)
D:\code\c++\dsa\on_thi_cuoi_ki\linklist_dinhnghia\linklist_dinhnghia\linklist_dinhnghia.cpp(209,13): warning C4566: character represented by universal-character-name '\u1EDB' cannot be represented in the current code page (1252)
D:\code\c++\dsa\on_thi_cuoi_ki\linklist_dinhnghia\linklist_dinhnghia\linklist_dinhnghia.cpp(209,13): warning C4566: character represented by universal-character-name '\u1EA5' cannot be represented in the current code page (1252)
D:\code\c++\dsa\on_thi_cuoi_ki\linklist_dinhnghia\linklist_dinhnghia\linklist_dinhnghia.cpp(210,13): warning C4566: character represented by universal-character-name '\u1ECB' cannot be represented in the current code page (1252)
D:\code\c++\dsa\on_thi_cuoi_ki\linklist_dinhnghia\linklist_dinhnghia\linklist_dinhnghia.cpp(211,13): warning C4566: character represented by universal-character-name '\u1ECB' cannot be represented in the current code page (1252)
D:\code\c++\dsa\on_thi_cuoi_ki\linklist_dinhnghia\linklist_dinhnghia\linklist_dinhnghia.cpp(212,13): warning C4566: character represented by universal-character-name '\u1ECB' cannot be represented in the current code page (1252)
D:\code\c++\dsa\on_thi_cuoi_ki\linklist_dinhnghia\linklist_dinhnghia\linklist_dinhnghia.cpp(213,13): warning C4566: character represented by universal-character-name '\u1EAF' cannot be represented in the current code page (1252)
D:\code\c++\dsa\on_thi_cuoi_ki\linklist_dinhnghia\linklist_dinhnghia\linklist_dinhnghia.cpp(213,13): warning C4566: character represented by universal-character-name '\u1EBF' cannot be represented in the current code page (1252)
D:\code\c++\dsa\on_thi_cuoi_ki\linklist_dinhnghia\linklist_dinhnghia\linklist_dinhnghia.cpp(214,13): warning C4566: character represented by universal-character-name '\u01B0' cannot be represented in the current code page (1252)
D:\code\c++\dsa\on_thi_cuoi_ki\linklist_dinhnghia\linklist_dinhnghia\linklist_dinhnghia.cpp(214,13): warning C4566: character represented by universal-character-name '\u01A1' cannot be represented in the current code page (1252)
D:\code\c++\dsa\on_thi_cuoi_ki\linklist_dinhnghia\linklist_dinhnghia\linklist_dinhnghia.cpp(217,17): warning C4566: character represented by universal-character-name '\u1ECD' cannot be represented in the current code page (1252)
D:\code\c++\dsa\on_thi_cuoi_ki\linklist_dinhnghia\linklist_dinhnghia\linklist_dinhnghia.cpp(217,17): warning C4566: character represented by universal-character-name '\u1EE9' cannot be represented in the current code page (1252)
D:\code\c++\dsa\on_thi_cuoi_ki\linklist_dinhnghia\linklist_dinhnghia\linklist_dinhnghia.cpp(217,17): warning C4566: character represented by universal-character-name '\u0103' cannot be represented in the current code page (1252)
D:\code\c++\dsa\on_thi_cuoi_ki\linklist_dinhnghia\linklist_dinhnghia\linklist_dinhnghia.cpp(217,17): warning C4566: character represented by universal-character-name '\u1EF1' cannot be represented in the current code page (1252)
D:\code\c++\dsa\on_thi_cuoi_ki\linklist_dinhnghia\linklist_dinhnghia\linklist_dinhnghia.cpp(217,17): warning C4566: character represented by universal-character-name '\u1EC7' cannot be represented in the current code page (1252)
D:\code\c++\dsa\on_thi_cuoi_ki\linklist_dinhnghia\linklist_dinhnghia\linklist_dinhnghia.cpp(220,21): warning C4566: character represented by universal-character-name '\u1EA1' cannot be represented in the current code page (1252)
D:\code\c++\dsa\on_thi_cuoi_ki\linklist_dinhnghia\linklist_dinhnghia\linklist_dinhnghia.cpp(220,21): warning C4566: character represented by universal-character-name '\u1EC7' cannot be represented in the current code page (1252)
D:\code\c++\dsa\on_thi_cuoi_ki\linklist_dinhnghia\linklist_dinhnghia\linklist_dinhnghia.cpp(223,21): warning C4566: character represented by universal-character-name '\u1EAD' cannot be represented in the current code page (1252)
D:\code\c++\dsa\on_thi_cuoi_ki\linklist_dinhnghia\linklist_dinhnghia\linklist_dinhnghia.cpp(223,21): warning C4566: character represented by universal-character-name '\u1ECB' cannot be represented in the current code page (1252)
D:\code\c++\dsa\on_thi_cuoi_ki\linklist_dinhnghia\linklist_dinhnghia\linklist_dinhnghia.cpp(223,21): warning C4566: character represented by universal-character-name '\u1ED1' cannot be represented in the current code page (1252)
D:\code\c++\dsa\on_thi_cuoi_ki\linklist_dinhnghia\linklist_dinhnghia\linklist_dinhnghia.cpp(223,21): warning C4566: character represented by universal-character-name '\u0111' cannot be represented in the current code page (1252)
D:\code\c++\dsa\on_thi_cuoi_ki\linklist_dinhnghia\linklist_dinhnghia\linklist_dinhnghia.cpp(223,21): warning C4566: character represented by universal-character-name '\u1EA7' cannot be represented in the current code page (1252)
D:\code\c++\dsa\on_thi_cuoi_ki\linklist_dinhnghia\linklist_dinhnghia\linklist_dinhnghia.cpp(229,21): warning C4566: character represented by universal-character-name '\u1EAD' cannot be represented in the current code page (1252)
D:\code\c++\dsa\on_thi_cuoi_ki\linklist_dinhnghia\linklist_dinhnghia\linklist_dinhnghia.cpp(229,21): warning C4566: character represented by universal-character-name '\u1ECB' cannot be represented in the current code page (1252)
D:\code\c++\dsa\on_thi_cuoi_ki\linklist_dinhnghia\linklist_dinhnghia\linklist_dinhnghia.cpp(229,21): warning C4566: character represented by universal-character-name '\u1ED1' cannot be represented in the current code page (1252)
D:\code\c++\dsa\on_thi_cuoi_ki\linklist_dinhnghia\linklist_dinhnghia\linklist_dinhnghia.cpp(235,21): warning C4566: character represented by universal-character-name '\u1EA7' cannot be represented in the current code page (1252)
D:\code\c++\dsa\on_thi_cuoi_ki\linklist_dinhnghia\linklist_dinhnghia\linklist_dinhnghia.cpp(235,21): warning C4566: character represented by universal-character-name '\u1EED' cannot be represented in the current code page (1252)
D:\code\c++\dsa\on_thi_cuoi_ki\linklist_dinhnghia\linklist_dinhnghia\linklist_dinhnghia.cpp(239,21): warning C4566: character represented by universal-character-name '\u1ECB' cannot be represented in the current code page (1252)
D:\code\c++\dsa\on_thi_cuoi_ki\linklist_dinhnghia\linklist_dinhnghia\linklist_dinhnghia.cpp(239,21): warning C4566: character represented by universal-character-name '\u1EDB' cannot be represented in the current code page (1252)
D:\code\c++\dsa\on_thi_cuoi_ki\linklist_dinhnghia\linklist_dinhnghia\linklist_dinhnghia.cpp(239,21): warning C4566: character represented by universal-character-name '\u1EA5' cannot be represented in the current code page (1252)
D:\code\c++\dsa\on_thi_cuoi_ki\linklist_dinhnghia\linklist_dinhnghia\linklist_dinhnghia.cpp(244,21): warning C4566: character represented by universal-character-name '\u1EAD' cannot be represented in the current code page (1252)
D:\code\c++\dsa\on_thi_cuoi_ki\linklist_dinhnghia\linklist_dinhnghia\linklist_dinhnghia.cpp(244,21): warning C4566: character represented by universal-character-name '\u1ECB' cannot be represented in the current code page (1252)
D:\code\c++\dsa\on_thi_cuoi_ki\linklist_dinhnghia\linklist_dinhnghia\linklist_dinhnghia.cpp(244,21): warning C4566: character represented by universal-character-name '\u1EA7' cannot be represented in the current code page (1252)
D:\code\c++\dsa\on_thi_cuoi_ki\linklist_dinhnghia\linklist_dinhnghia\linklist_dinhnghia.cpp(247,25): warning C4566: character represented by universal-character-name '\u1EA5' cannot be represented in the current code page (1252)
D:\code\c++\dsa\on_thi_cuoi_ki\linklist_dinhnghia\linklist_dinhnghia\linklist_dinhnghia.cpp(249,25): warning C4566: character represented by universal-character-name '\u1EA5' cannot be represented in the current code page (1252)
D:\code\c++\dsa\on_thi_cuoi_ki\linklist_dinhnghia\linklist_dinhnghia\linklist_dinhnghia.cpp(252,21): warning C4566: character represented by universal-character-name '\u1EAD' cannot be represented in the current code page (1252)
D:\code\c++\dsa\on_thi_cuoi_ki\linklist_dinhnghia\linklist_dinhnghia\linklist_dinhnghia.cpp(252,21): warning C4566: character represented by universal-character-name '\u1ECB' cannot be represented in the current code page (1252)
D:\code\c++\dsa\on_thi_cuoi_ki\linklist_dinhnghia\linklist_dinhnghia\linklist_dinhnghia.cpp(252,21): warning C4566: character represented by universal-character-name '\u1EE7' cannot be represented in the current code page (1252)
D:\code\c++\dsa\on_thi_cuoi_ki\linklist_dinhnghia\linklist_dinhnghia\linklist_dinhnghia.cpp(252,21): warning C4566: character represented by universal-character-name '\u1EA7' cannot be represented in the current code page (1252)
D:\code\c++\dsa\on_thi_cuoi_ki\linklist_dinhnghia\linklist_dinhnghia\linklist_dinhnghia.cpp(254,21): warning C4566: character represented by universal-character-name '\u1EAD' cannot be represented in the current code page (1252)
D:\code\c++\dsa\on_thi_cuoi_ki\linklist_dinhnghia\linklist_dinhnghia\linklist_dinhnghia.cpp(254,21): warning C4566: character represented by universal-character-name '\u1ECB' cannot be represented in the current code page (1252)
D:\code\c++\dsa\on_thi_cuoi_ki\linklist_dinhnghia\linklist_dinhnghia\linklist_dinhnghia.cpp(254,21): warning C4566: character represented by universal-character-name '\u1EE7' cannot be represented in the current code page (1252)
D:\code\c++\dsa\on_thi_cuoi_ki\linklist_dinhnghia\linklist_dinhnghia\linklist_dinhnghia.cpp(254,21): warning C4566: character represented by universal-character-name '\u1EA7' cannot be represented in the current code page (1252)
D:\code\c++\dsa\on_thi_cuoi_ki\linklist_dinhnghia\linklist_dinhnghia\linklist_dinhnghia.cpp(258,21): warning C4566: character represented by universal-character-name '\u1EAD' cannot be represented in the current code page (1252)
D:\code\c++\dsa\on_thi_cuoi_ki\linklist_dinhnghia\linklist_dinhnghia\linklist_dinhnghia.cpp(258,21): warning C4566: character represented by universal-character-name '\u1ECB' cannot be represented in the current code page (1252)
D:\code\c++\dsa\on_thi_cuoi_ki\linklist_dinhnghia\linklist_dinhnghia\linklist_dinhnghia.cpp(258,21): warning C4566: character represented by universal-character-name '\u1EE7' cannot be represented in the current code page (1252)
D:\code\c++\dsa\on_thi_cuoi_ki\linklist_dinhnghia\linklist_dinhnghia\linklist_dinhnghia.cpp(258,21): warning C4566: character represented by universal-character-name '\u1EA7' cannot be represented in the current code page (1252)
D:\code\c++\dsa\on_thi_cuoi_ki\linklist_dinhnghia\linklist_dinhnghia\linklist_dinhnghia.cpp(260,25): warning C4566: character represented by universal-character-name '\u1EA5' cannot be represented in the current code page (1252)
D:\code\c++\dsa\on_thi_cuoi_ki\linklist_dinhnghia\linklist_dinhnghia\linklist_dinhnghia.cpp(260,25): warning C4566: character represented by universal-character-name '\u1ECB' cannot be represented in the current code page (1252)
D:\code\c++\dsa\on_thi_cuoi_ki\linklist_dinhnghia\linklist_dinhnghia\linklist_dinhnghia.cpp(262,25): warning C4566: character represented by universal-character-name '\u0110' cannot be represented in the current code page (1252)
D:\code\c++\dsa\on_thi_cuoi_ki\linklist_dinhnghia\linklist_dinhnghia\linklist_dinhnghia.cpp(262,25): warning C4566: character represented by universal-character-name '\u1ECB' cannot be represented in the current code page (1252)
D:\code\c++\dsa\on_thi_cuoi_ki\linklist_dinhnghia\linklist_dinhnghia\linklist_dinhnghia.cpp(266,21): warning C4566: character represented by universal-character-name '\u1EAF' cannot be represented in the current code page (1252)
D:\code\c++\dsa\on_thi_cuoi_ki\linklist_dinhnghia\linklist_dinhnghia\linklist_dinhnghia.cpp(266,21): warning C4566: character represented by universal-character-name '\u1EBF' cannot be represented in the current code page (1252)
  linklist_dinhnghia.vcxproj -> D:\code\c++\dsa\on_thi_cuoi_ki\linklist_dinhnghia\x64\Debug\linklist_dinhnghia.exe
